<?xml version="1.0" encoding="UTF-8"?>
<testsuite name="Registro" tests="1" skipped="0" failures="0" errors="0" timestamp="2021-12-07T22:06:51" hostname="22LAP5CD1346NNV" time="23.773">
  <properties/>
  <testcase name="envioCredencialesValidas()" classname="Registro" time="23.773"/>
  <system-out><![CDATA[]]></system-out>
  <system-err><![CDATA[Starting ChromeDriver 96.0.4664.45 (76e4c1bb2ab4671b8beba3444e61c0f17584b2fc-refs/branch-heads/4664@{#947}) on port 46455
Only local connections are allowed.
Please see https://chromedriver.chromium.org/security-considerations for suggestions on keeping ChromeDriver safe.
ChromeDriver was started successfully.
dic. 07, 2021 5:06:57 P. M. org.openqa.selenium.remote.ProtocolHandshake createSession
INFORMACIÓN: Detected dialect: W3C
]]></system-err>
</testsuite>
